Sprite Commands File: "D:\workspace\iPhone\AHR\Make\build_specification\export_single_image_and_data.sprcmd"


CMD001: InitBSpriteFFT...
	File: "fft\export_data_single_8bpp.fft"

CMD002: Load...
	File: "..\bld_tmp\bg_floor.sprite"
CMD003: RearrangeModules...
	Type: MINIMAL_AREA
	SX: 0
	SY: 0
	BX: 0
	BY: 0
	CX: 0
	CY: 0
	MX: 128
	MY: -1
	Max solutions: 1
	Max time: 0 ms
CMD004: SaveImage...
	Image: 0
	File: "..\bld_tmp\bg_floor.bmp"
CMD005: Save...
	File: "..\bld_tmp\bg_floor.sprite"

CMD006: Load...
	File: "..\bld_tmp\bg_floor.sprite"
CMD007: ExportBSpriteFFT...
	File: "..\build_output\bg_floor.data"

CMD008: Load...
	File: "..\bld_tmp\mc00.sprite"
CMD009: RearrangeModules...
	Type: MINIMAL_AREA
	SX: 0
	SY: 0
	BX: 0
	BY: 0
	CX: 0
	CY: 0
	MX: 128
	MY: -1
	Max solutions: 1
	Max time: 0 ms
CMD010: SaveImage...
	Image: 0
	File: "..\bld_tmp\mc00.bmp"
CMD011: Save...
	File: "..\bld_tmp\mc00.sprite"

CMD012: Load...
	File: "..\bld_tmp\mc00.sprite"
CMD013: ExportBSpriteFFT...
	File: "..\build_output\mc00.data"

CMD014: Load...
	File: "..\bld_tmp\enemy_mummy.sprite"
CMD015: RearrangeModules...
	Type: MINIMAL_AREA
	SX: 0
	SY: 0
	BX: 0
	BY: 0
	CX: 0
	CY: 0
	MX: 256
	MY: -1
	Max solutions: 1
	Max time: 0 ms
CMD016: SaveImage...
	Image: 0
	File: "..\bld_tmp\enemy_mummy.bmp"
CMD017: Save...
	File: "..\bld_tmp\enemy_mummy.sprite"

CMD018: Load...
	File: "..\bld_tmp\enemy_mummy.sprite"
CMD019: ExportBSpriteFFT...
	File: "..\build_output\enemy_mummy.data"

CMD020: Load...
	File: "..\bld_tmp\enemy_vampire.sprite"
CMD021: RearrangeModules...
	Type: MINIMAL_AREA
	SX: 0
	SY: 0
	BX: 0
	BY: 0
	CX: 0
	CY: 0
	MX: 256
	MY: -1
	Max solutions: 1
	Max time: 0 ms
CMD022: SaveImage...
	Image: 0
	File: "..\bld_tmp\enemy_vampire.bmp"
CMD023: Save...
	File: "..\bld_tmp\enemy_vampire.sprite"

CMD024: Load...
	File: "..\bld_tmp\enemy_vampire.sprite"
CMD025: ExportBSpriteFFT...
	File: "..\build_output\enemy_vampire.data"

CMD026: Load...
	File: "..\bld_tmp\loading.sprite"
CMD027: RearrangeModules...
	Type: MINIMAL_AREA
	SX: 0
	SY: 0
	BX: 0
	BY: 0
	CX: 0
	CY: 0
	MX: 128
	MY: -1
	Max solutions: 1
	Max time: 0 ms
CMD028: SaveImage...
	Image: 0
	File: "..\bld_tmp\loading.bmp"
CMD029: Save...
	File: "..\bld_tmp\loading.sprite"

CMD030: Load...
	File: "..\bld_tmp\loading.sprite"
CMD031: ExportBSpriteFFT...
	File: "..\build_output\loading.data"

CMD032: Load...
	File: "..\bld_tmp\MCbullet.sprite"
CMD033: RearrangeModules...
	Type: MINIMAL_AREA
	SX: 0
	SY: 0
	BX: 0
	BY: 0
	CX: 0
	CY: 0
	MX: 128
	MY: -1
	Max solutions: 1
	Max time: 0 ms
CMD034: SaveImage...
	Image: 0
	File: "..\bld_tmp\mcbullet.bmp"
CMD035: Save...
	File: "..\bld_tmp\mcbullet.sprite"

CMD036: Load...
	File: "..\bld_tmp\mcbullet.sprite"
CMD037: ExportBSpriteFFT...
	File: "..\build_output\mcbullet.data"

CMD038: Load...
	File: "..\bld_tmp\logo.sprite"
CMD039: RearrangeModules...
	Type: MINIMAL_AREA
	SX: 0
	SY: 0
	BX: 0
	BY: 0
	CX: 0
	CY: 0
	MX: 128
	MY: -1
	Max solutions: 1
	Max time: 0 ms
CMD040: SaveImage...
	Image: 0
	File: "..\bld_tmp\logo.bmp"
CMD041: Save...
	File: "..\bld_tmp\logo.sprite"

CMD042: Load...
	File: "..\bld_tmp\logo.sprite"
CMD043: ExportBSpriteFFT...
	File: "..\build_output\logo.data"

CMD044: Load...
	File: "..\bld_tmp\splash.sprite"
CMD045: RearrangeModules...
	Type: MINIMAL_AREA
	SX: 0
	SY: 0
	BX: 0
	BY: 0
	CX: 0
	CY: 0
	MX: 512
	MY: -1
	Max solutions: 1
	Max time: 0 ms
CMD046: SaveImage...
	Image: 0
	File: "..\bld_tmp\splash.bmp"
CMD047: Save...
	File: "..\bld_tmp\splash.sprite"

CMD048: Load...
	File: "..\bld_tmp\splash.sprite"
CMD049: ExportBSpriteFFT...
	File: "..\build_output\splash.data"

CMD050: Load...
	File: "..\bld_tmp\vpad.sprite"
CMD051: RearrangeModules...
	Type: MINIMAL_AREA
	SX: 0
	SY: 0
	BX: 0
	BY: 0
	CX: 0
	CY: 0
	MX: 512
	MY: -1
	Max solutions: 1
	Max time: 0 ms
CMD052: SaveImage...
	Image: 0
	File: "..\bld_tmp\vpad.bmp"
CMD053: Save...
	File: "..\bld_tmp\vpad.sprite"

CMD054: Load...
	File: "..\bld_tmp\vpad.sprite"
CMD055: ExportBSpriteFFT...
	File: "..\build_output\vpad.data"

CMD056: InitBSpriteFFT...
	File: "fft\export_image_single_8bpp.fft"

CMD057: Load...
	File: "..\bld_tmp\bg_floor.sprite"

CMD058: DeleteAllModules...

CMD059: CreateModule...
CMD060: ExportBSpriteFFT...
	File: "..\build_output\bg_floor.image"

CMD061: Load...
	File: "..\bld_tmp\mc00.sprite"

CMD062: DeleteAllModules...

CMD063: CreateModule...
CMD064: ExportBSpriteFFT...
	File: "..\build_output\mc00.image"

CMD065: Load...
	File: "..\bld_tmp\enemy_mummy.sprite"

CMD066: DeleteAllModules...

CMD067: CreateModule...
CMD068: ExportBSpriteFFT...
	File: "..\build_output\enemy_mummy.image"

CMD069: Load...
	File: "..\bld_tmp\enemy_vampire.sprite"

CMD070: DeleteAllModules...

CMD071: CreateModule...
CMD072: ExportBSpriteFFT...
	File: "..\build_output\enemy_vampire.image"

CMD073: Load...
	File: "..\bld_tmp\loading.sprite"

CMD074: DeleteAllModules...

CMD075: CreateModule...
CMD076: ExportBSpriteFFT...
	File: "..\build_output\loading.image"

CMD077: Load...
	File: "..\bld_tmp\mcbullet.sprite"

CMD078: DeleteAllModules...

CMD079: CreateModule...
CMD080: ExportBSpriteFFT...
	File: "..\build_output\mcbullet.image"

CMD081: Load...
	File: "..\bld_tmp\logo.sprite"

CMD082: DeleteAllModules...

CMD083: CreateModule...
CMD084: ExportBSpriteFFT...
	File: "..\build_output\logo.image"

CMD085: Load...
	File: "..\bld_tmp\splash.sprite"

CMD086: DeleteAllModules...

CMD087: CreateModule...
CMD088: ExportBSpriteFFT...
	File: "..\build_output\splash.image"

CMD089: Load...
	File: "..\bld_tmp\vpad.sprite"

CMD090: DeleteAllModules...

CMD091: CreateModule...
CMD092: ExportBSpriteFFT...
	File: "..\build_output\vpad.image"

92 commands were executed (0 errors, 0 warnings)
